Using pre-set license
Built from '2021.3/staging' branch; Version is '2021.3.22f1 (b6c551784ba3) revision 11978065'; Using compiler version '192829333'; Build Type 'Release'
OS: 'Windows 11  (10.0.22621) 64bit Core' Language: 'en' Physical Memory: 7937 MB
BatchMode: 1, IsHumanControllingUs: 0, StartBugReporterOnCrash: 0, Is64bit: 1, IsPro: 1

COMMAND LINE ARGUMENTS:
C:\Program Files\Unity\Hub\Editor\2021.3.22f1\Editor\Unity.exe
-adb2
-batchMode
-noUpm
-name
AssetImportWorker0
-projectPath
C:/Users/czlonnek000/Documents/GitHub/CarConfigurator
-logFile
Logs/AssetImportWorker0.log
-srvPort
65443
Successfully changed project path to: C:/Users/czlonnek000/Documents/GitHub/CarConfigurator
C:/Users/czlonnek000/Documents/GitHub/CarConfigurator
[UnityMemory] Configuration Parameters - Can be set up in boot.config
    "memorysetup-bucket-allocator-granularity=16"
    "memorysetup-bucket-allocator-bucket-count=8"
    "memorysetup-bucket-allocator-block-size=33554432"
    "memorysetup-bucket-allocator-block-count=8"
    "memorysetup-main-allocator-block-size=16777216"
    "memorysetup-thread-allocator-block-size=16777216"
    "memorysetup-gfx-main-allocator-block-size=16777216"
    "memorysetup-gfx-thread-allocator-block-size=16777216"
    "memorysetup-cache-allocator-block-size=4194304"
    "memorysetup-typetree-allocator-block-size=2097152"
    "memorysetup-profiler-bucket-allocator-granularity=16"
    "memorysetup-profiler-bucket-allocator-bucket-count=8"
    "memorysetup-profiler-bucket-allocator-block-size=33554432"
    "memorysetup-profiler-bucket-allocator-block-count=8"
    "memorysetup-profiler-allocator-block-size=16777216"
    "memorysetup-profiler-editor-allocator-block-size=1048576"
    "memorysetup-temp-allocator-size-main=16777216"
    "memorysetup-job-temp-allocator-block-size=2097152"
    "memorysetup-job-temp-allocator-block-size-background=1048576"
    "memorysetup-job-temp-allocator-reduction-small-platforms=262144"
    "memorysetup-temp-allocator-size-background-worker=32768"
    "memorysetup-temp-allocator-size-job-worker=262144"
    "memorysetup-temp-allocator-size-preload-manager=33554432"
    "memorysetup-temp-allocator-size-nav-mesh-worker=65536"
    "memorysetup-temp-allocator-size-audio-worker=65536"
    "memorysetup-temp-allocator-size-cloud-worker=32768"
    "memorysetup-temp-allocator-size-gi-baking-worker=262144"
    "memorysetup-temp-allocator-size-gfx=262144"
Player connection [10972] Host "[IP] 192.168.0.194 [Port] 0 [Flags] 2 [Guid] 1619233901 [EditorId] 1619233901 [Version] 1048832 [Id] WindowsEditor(7,Belveder) [Debug] 1 [PackageName] WindowsEditor [ProjectName] Editor" joined multi-casting on [225.0.0.222:54997]...

Player connection [10972] Host "[IP] 192.168.0.194 [Port] 0 [Flags] 2 [Guid] 1619233901 [EditorId] 1619233901 [Version] 1048832 [Id] WindowsEditor(7,Belveder) [Debug] 1 [PackageName] WindowsEditor [ProjectName] Editor" joined alternative multi-casting on [225.0.0.222:34997]...

Refreshing native plugins compatible for Editor in 282.03 ms, found 3 plugins.
Preloading 0 native plugins for Editor in 0.00 ms.
Initialize engine version: 2021.3.22f1 (b6c551784ba3)
[Subsystems] Discovering subsystems at path C:/Program Files/Unity/Hub/Editor/2021.3.22f1/Editor/Data/Resources/UnitySubsystems
[Subsystems] Discovering subsystems at path C:/Users/czlonnek000/Documents/GitHub/CarConfigurator/Assets
GfxDevice: creating device client; threaded=0; jobified=0
Direct3D:
    Version:  Direct3D 11.0 [level 11.1]
    Renderer: Intel(R) Iris(R) Xe Graphics (ID=0x9a49)
    Vendor:   Intel
    VRAM:     3968 MB
    Driver:   30.0.101.1191
Initialize mono
Mono path[0] = 'C:/Program Files/Unity/Hub/Editor/2021.3.22f1/Editor/Data/Managed'
Mono path[1] = 'C:/Program Files/Unity/Hub/Editor/2021.3.22f1/Editor/Data/MonoBleedingEdge/lib/mono/unityjit-win32'
Mono config path = 'C:/Program Files/Unity/Hub/Editor/2021.3.22f1/Editor/Data/MonoBleedingEdge/etc'
Using monoOptions --debugger-agent=transport=dt_socket,embedding=1,server=y,suspend=n,address=127.0.0.1:56436
Begin MonoManager ReloadAssembly
Registering precompiled unity dll's ...
Register platform support module: C:/Program Files/Unity/Hub/Editor/2021.3.22f1/Editor/Data/PlaybackEngines/WebGLSupport/UnityEditor.WebGL.Extensions.dll
Register platform support module: C:/Program Files/Unity/Hub/Editor/2021.3.22f1/Editor/Data/PlaybackEngines/WindowsStandaloneSupport/UnityEditor.WindowsStandalone.Extensions.dll
Registered in 0.042634 seconds.
Native extension for WindowsStandalone target not found
Native extension for WebGL target not found
Refreshing native plugins compatible for Editor in 232.56 ms, found 3 plugins.
Preloading 0 native plugins for Editor in 0.00 ms.
Mono: successfully reloaded assembly
- Completed reload, in  2.953 seconds
Domain Reload Profiling:
	ReloadAssembly (2957ms)
		BeginReloadAssembly (583ms)
			ExecutionOrderSort (0ms)
			DisableScriptedObjects (0ms)
			BackupInstance (0ms)
			ReleaseScriptingObjects (0ms)
			CreateAndSetChildDomain (7ms)
		EndReloadAssembly (1939ms)
			LoadAssemblies (575ms)
			RebuildTransferFunctionScriptingTraits (2ms)
			SetupTypeCache (538ms)
			ReleaseScriptCaches (0ms)
			RebuildScriptCaches (72ms)
			SetupLoadedEditorAssemblies (1173ms)
				LogAssemblyErrors (0ms)
				InitializePlatformSupportModulesInManaged (31ms)
				SetLoadedEditorAssemblies (0ms)
				RefreshPlugins (233ms)
				BeforeProcessingInitializeOnLoad (5ms)
				ProcessInitializeOnLoadAttributes (697ms)
				ProcessInitializeOnLoadMethodAttributes (196ms)
				AfterProcessingInitializeOnLoad (0ms)
				EditorAssembliesLoaded (1ms)
			ExecutionOrderSort2 (0ms)
			AwakeInstancesAfterBackupRestoration (0ms)
Platform modules already initialized, skipping
Registering precompiled user dll's ...
Registered in 0.017449 seconds.
Begin MonoManager ReloadAssembly
Symbol file LoadedFromMemory doesn't match image C:\Users\czlonnek000\Documents\GitHub\CarConfigurator\Library\PackageCache\com.unity.visualscripting@1.8.0\Editor\VisualScripting.Core\Dependencies\YamlDotNet\Unity.VisualScripting.YamlDotNet.dll
Symbol file LoadedFromMemory doesn't match image C:\Users\czlonnek000\Documents\GitHub\CarConfigurator\Library\PackageCache\com.unity.visualscripting@1.8.0\Editor\VisualScripting.Core\Dependencies\DotNetZip\Unity.VisualScripting.IonicZip.dll
Native extension for WindowsStandalone target not found
Native extension for WebGL target not found
Refreshing native plugins compatible for Editor in 1.29 ms, found 3 plugins.
Preloading 0 native plugins for Editor in 0.00 ms.
Mono: successfully reloaded assembly
- Completed reload, in  3.314 seconds
Domain Reload Profiling:
	ReloadAssembly (3318ms)
		BeginReloadAssembly (202ms)
			ExecutionOrderSort (0ms)
			DisableScriptedObjects (8ms)
			BackupInstance (0ms)
			ReleaseScriptingObjects (0ms)
			CreateAndSetChildDomain (37ms)
		EndReloadAssembly (2934ms)
			LoadAssemblies (213ms)
			RebuildTransferFunctionScriptingTraits (0ms)
			SetupTypeCache (664ms)
			ReleaseScriptCaches (2ms)
			RebuildScriptCaches (147ms)
			SetupLoadedEditorAssemblies (1570ms)
				LogAssemblyErrors (0ms)
				InitializePlatformSupportModulesInManaged (17ms)
				SetLoadedEditorAssemblies (1ms)
				RefreshPlugins (1ms)
				BeforeProcessingInitializeOnLoad (220ms)
				ProcessInitializeOnLoadAttributes (1157ms)
				ProcessInitializeOnLoadMethodAttributes (132ms)
				AfterProcessingInitializeOnLoad (39ms)
				EditorAssembliesLoaded (1ms)
			ExecutionOrderSort2 (0ms)
			AwakeInstancesAfterBackupRestoration (111ms)
Platform modules already initialized, skipping
========================================================================
Worker process is ready to serve import requests
Launched and connected shader compiler UnityShaderCompiler.exe after 0.22 seconds
Refreshing native plugins compatible for Editor in 2.18 ms, found 3 plugins.
Preloading 0 native plugins for Editor in 0.00 ms.
Unloading 3047 Unused Serialized files (Serialized files now loaded: 0)
Unloading 24 unused Assets / (114.0 KB). Loaded Objects now: 3532.
Memory consumption went from 127.2 MB to 127.1 MB.
Total: 13.775400 ms (FindLiveObjects: 0.607100 ms CreateObjectMapping: 0.470000 ms MarkObjects: 11.711400 ms  DeleteObjects: 0.983400 ms)

AssetImportParameters requested are different than current active one (requested -> active):
  custom:video-decoder-ogg-theora: a1e56fd34408186e4bbccfd4996cb3dc -> 
  custom:container-muxer-webm: aa71ff27fc2769a1b78a27578f13a17b -> 
  custom:container-demuxer-webm: 4f35f7cbe854078d1ac9338744f61a02 -> 
  custom:video-encoder-webm-vp8: eb34c28f22e8b96e1ab97ce403110664 -> 
  custom:video-codec-MediaFoundation-h265: 746d11721c4dcdbdad8f713fa42b33f4 -> 
  custom:audio-encoder-webm-vorbis: bf7c407c2cedff20999df2af8eb42d56 -> 
  custom:framework-win-MediaFoundation: 216162199b28c13a410421893ffa2e32 -> 
  custom:container-demuxer-ogg: 62fdf1f143b41e24485cea50d1cbac27 -> 
  custom:video-decoder-webm-vp8: 9c59270c3fd7afecdb556c50c9e8de78 -> 
  custom:audio-decoder-ogg-vorbis: bf7c407c2cedff20999df2af8eb42d56 -> 
========================================================================
Received Import Request.
  Time since last request: 187294.703264 seconds.
  path: Assets/TerrainData_be226ef0-e189-423e-8f61-3025a9e1c972.asset
  artifactKey: Guid(67d96d31cfc921b4f9e27825d8a92a40) Importer(815301076,1909f56bfc062723c751e8b465ee728b)
Start importing Assets/TerrainData_be226ef0-e189-423e-8f61-3025a9e1c972.asset using Guid(67d96d31cfc921b4f9e27825d8a92a40) Importer(815301076,1909f56bfc062723c751e8b465ee728b)  -> (artifact id: 'eca2137aa82e5a1191a76086a71d80f3') in 0.281276 seconds 
========================================================================
Received Import Request.
  Time since last request: 0.000071 seconds.
  path: Assets/TerrainData_9aaceb2a-21ca-45aa-b560-6bd968b8bba4.asset
  artifactKey: Guid(62eac753de437c043b6370edef56a3db) Importer(815301076,1909f56bfc062723c751e8b465ee728b)
Start importing Assets/TerrainData_9aaceb2a-21ca-45aa-b560-6bd968b8bba4.asset using Guid(62eac753de437c043b6370edef56a3db) Importer(815301076,1909f56bfc062723c751e8b465ee728b)  -> (artifact id: 'be9b737ecd626a65a04affcbe204957c') in 0.045626 seconds 
========================================================================
Received Import Request.
  Time since last request: 0.000128 seconds.
  path: Assets/TerrainData_949e76f9-eace-488f-b9d2-0723889a0598.asset
  artifactKey: Guid(21cbcb65a0eadbf49988ff49409b2e92) Importer(815301076,1909f56bfc062723c751e8b465ee728b)
Start importing Assets/TerrainData_949e76f9-eace-488f-b9d2-0723889a0598.asset using Guid(21cbcb65a0eadbf49988ff49409b2e92) Importer(815301076,1909f56bfc062723c751e8b465ee728b)  -> (artifact id: '6b9caa3b5a8c7e4a4afd75685b181675') in 0.044480 seconds 
========================================================================
Received Import Request.
  Time since last request: 977.990840 seconds.
  path: Assets/New Terrain Material.mat
  artifactKey: Guid(23418509ac50e104d976340f42aaccc2) Importer(815301076,1909f56bfc062723c751e8b465ee728b)
Start importing Assets/New Terrain Material.mat using Guid(23418509ac50e104d976340f42aaccc2) Importer(815301076,1909f56bfc062723c751e8b465ee728b)  -> (artifact id: '8f57eb92d19ffa76a972ee6c5b190e20') in 1.613435 seconds 
========================================================================
Received Import Request.
  Time since last request: 0.136697 seconds.
  path: Assets/UI Toolkit/UnityThemes/UnityDefaultRuntimeTheme.tss
  artifactKey: Guid(846baf0597f6a9c41b46ac0d299aba86) Importer(815301076,1909f56bfc062723c751e8b465ee728b)
Start importing Assets/UI Toolkit/UnityThemes/UnityDefaultRuntimeTheme.tss using Guid(846baf0597f6a9c41b46ac0d299aba86) Importer(815301076,1909f56bfc062723c751e8b465ee728b)  -> (artifact id: '2653594be7fae298729388c3bb1bc50b') in 0.630374 seconds 
========================================================================
Received Import Request.
  Time since last request: 1445.433555 seconds.
  path: Assets/New Terrain 1.asset
  artifactKey: Guid(86fae1ed53008bf4f8c70d5e8b1014f0) Importer(815301076,1909f56bfc062723c751e8b465ee728b)
Start importing Assets/New Terrain 1.asset using Guid(86fae1ed53008bf4f8c70d5e8b1014f0) Importer(815301076,1909f56bfc062723c751e8b465ee728b)  -> (artifact id: '5fc7a7eef50aada83b90c7fde9fc2e61') in 1.264331 seconds 
========================================================================
Received Import Request.
  Time since last request: 0.001493 seconds.
  path: Assets/TerrainData_be226ef0-e189-423e-8f61-3025a9e1c972.asset
  artifactKey: Guid(67d96d31cfc921b4f9e27825d8a92a40) Importer(815301076,1909f56bfc062723c751e8b465ee728b)
Start importing Assets/TerrainData_be226ef0-e189-423e-8f61-3025a9e1c972.asset using Guid(67d96d31cfc921b4f9e27825d8a92a40) Importer(815301076,1909f56bfc062723c751e8b465ee728b)  -> (artifact id: 'fb002f0b01e063b9f7e095f590f2a674') in 0.102321 seconds 
========================================================================
Received Import Request.
  Time since last request: 0.000332 seconds.
  path: Assets/TerrainData_949e76f9-eace-488f-b9d2-0723889a0598.asset
  artifactKey: Guid(21cbcb65a0eadbf49988ff49409b2e92) Importer(815301076,1909f56bfc062723c751e8b465ee728b)
Start importing Assets/TerrainData_949e76f9-eace-488f-b9d2-0723889a0598.asset using Guid(21cbcb65a0eadbf49988ff49409b2e92) Importer(815301076,1909f56bfc062723c751e8b465ee728b)  -> (artifact id: '5e47bd8ec79c768bab6615a5cbc51881') in 0.208766 seconds 
